c:\users\rosswell\documents\data-structures\binary_search_trees\binary_search_trees\debug\vc141.pdb
c:\users\rosswell\documents\data-structures\binary_search_trees\binary_search_trees\debug\vc141.idb
c:\users\rosswell\documents\data-structures\binary_search_trees\binary_search_trees\debug\main.obj
c:\users\rosswell\documents\data-structures\binary_search_trees\binary_search_trees\debug\bst.obj
c:\users\rosswell\documents\data-structures\binary_search_trees\debug\binary_search_trees.pdb
c:\users\rosswell\documents\data-structures\binary_search_trees\binary_search_trees\debug\binary_s.2d879198.tlog\cl.command.1.tlog
c:\users\rosswell\documents\data-structures\binary_search_trees\binary_search_trees\debug\binary_s.2d879198.tlog\cl.read.1.tlog
c:\users\rosswell\documents\data-structures\binary_search_trees\binary_search_trees\debug\binary_s.2d879198.tlog\cl.write.1.tlog
c:\users\rosswell\documents\data-structures\binary_search_trees\binary_search_trees\debug\binary_s.2d879198.tlog\link-cvtres.read.1.tlog
c:\users\rosswell\documents\data-structures\binary_search_trees\binary_search_trees\debug\binary_s.2d879198.tlog\link-cvtres.write.1.tlog
c:\users\rosswell\documents\data-structures\binary_search_trees\binary_search_trees\debug\binary_s.2d879198.tlog\link-rc.read.1.tlog
c:\users\rosswell\documents\data-structures\binary_search_trees\binary_search_trees\debug\binary_s.2d879198.tlog\link-rc.write.1.tlog
c:\users\rosswell\documents\data-structures\binary_search_trees\binary_search_trees\debug\binary_s.2d879198.tlog\link.8548-cvtres.read.1.tlog
c:\users\rosswell\documents\data-structures\binary_search_trees\binary_search_trees\debug\binary_s.2d879198.tlog\link.8548-cvtres.write.1.tlog
c:\users\rosswell\documents\data-structures\binary_search_trees\binary_search_trees\debug\binary_s.2d879198.tlog\link.8548-rc.read.1.tlog
c:\users\rosswell\documents\data-structures\binary_search_trees\binary_search_trees\debug\binary_s.2d879198.tlog\link.8548-rc.write.1.tlog
c:\users\rosswell\documents\data-structures\binary_search_trees\binary_search_trees\debug\binary_s.2d879198.tlog\link.8548.read.1.tlog
c:\users\rosswell\documents\data-structures\binary_search_trees\binary_search_trees\debug\binary_s.2d879198.tlog\link.8548.write.1.tlog
c:\users\rosswell\documents\data-structures\binary_search_trees\binary_search_trees\debug\binary_s.2d879198.tlog\link.command.1.tlog
c:\users\rosswell\documents\data-structures\binary_search_trees\binary_search_trees\debug\binary_s.2d879198.tlog\link.read.1.tlog
c:\users\rosswell\documents\data-structures\binary_search_trees\binary_search_trees\debug\binary_s.2d879198.tlog\link.write.1.tlog
